<?xml version="1.0" encoding="UTF-8"?>
<testsuite xmlns:xsi="http://www.w3.org/2001/XMLSchema-instance" xsi:noNamespaceSchemaLocation="https://maven.apache.org/surefire/maven-surefire-plugin/xsd/surefire-test-report.xsd" name="cucumber.Options.TestRunner" time="4.51" tests="3" errors="0" skipped="0" failures="0">
  <properties>
[...]
</properties>
  <testcase name="Verify if place is being add sucessfully using AddPlaceAPLI #1" classname="Validating Place API&apos;s" time="3.372"/>
  <testcase name="Verify if place is being add sucessfully using AddPlaceAPLI #2" classname="Validating Place API&apos;s" time="0.342"/>
  <testcase name="Verify delete functionality working" classname="Validating Place API&apos;s" time="0.158"/>
</testsuite>